<?xml version="1.0" encoding="UTF-8"?>
<!-- Generated by org.testng.reporters.JUnitXMLReporter -->
<testsuite ignored="0" hostname="INLEN8520088243" failures="1" tests="1" name="Test" time="9.97" errors="0" timestamp="2023-07-27T18:20:18 IST">
  <testcase classname="com.demowebshopTest.BaseTest" name="@AfterMethod postTestAction" time="5.01">
    <failure type="java.lang.NullPointerException" message="Cannot invoke &amp;quot;org.openqa.selenium.TakesScreenshot.getScreenshotAs(org.openqa.selenium.OutputType)&amp;quot; because &amp;quot;this.cam&amp;quot; is null">
      <![CDATA[java.lang.NullPointerException: Cannot invoke "org.openqa.selenium.TakesScreenshot.getScreenshotAs(org.openqa.selenium.OutputType)" because "this.cam" is null
at commonLibs.utils.DemoScreenshotUtil.captureAndSaveScreenshots(DemoScreenshotUtil.java:30)
at com.demowebshopTest.BaseTest.postTestAction(BaseTest.java:80)
at java.base/java.util.ArrayList.forEach(ArrayList.java:1511)
... Removed 32 stack frames]]>
    </failure>
  </testcase> <!-- @AfterMethod postTestAction -->
  <testcase classname="com.demowebshopTest.BaseTest" name="@AfterClass tearDown" time="-1.690462218631E9">
    <skipped/>
  </testcase> <!-- @AfterClass tearDown -->
  <testcase classname="com.demowebshopTest.LoginPageTest" name="verifyUserLoginWithCorrectCreditional" time="0.005">
    <failure type="java.lang.NullPointerException" message="Cannot invoke &amp;quot;org.openqa.selenium.SearchContext.findElement(org.openqa.selenium.By)&amp;quot; because &amp;quot;this.searchContext&amp;quot; is null">
      <![CDATA[java.lang.NullPointerException: Cannot invoke "org.openqa.selenium.SearchContext.findElement(org.openqa.selenium.By)" because "this.searchContext" is null
at org.openqa.selenium.support.pagefactory.DefaultElementLocator.findElement(DefaultElementLocator.java:69)
at org.openqa.selenium.support.pagefactory.internal.LocatingElementHandler.invoke(LocatingElementHandler.java:38)
at jdk.proxy2/jdk.proxy2.$Proxy16.sendKeys(Unknown Source)
at commonLibs.implementation.ElementControl.sendText(ElementControl.java:25)
at com.demowebshop.pages.LoginPage.LoginToApplication(LoginPage.java:43)
at com.demowebshopTest.LoginPageTest.verifyUserLoginWithCorrectCreditional(LoginPageTest.java:13)
at java.base/java.util.ArrayList.forEach(ArrayList.java:1511)
... Removed 27 stack frames]]>
    </failure>
  </testcase> <!-- verifyUserLoginWithCorrectCreditional -->
</testsuite> <!-- Test -->
